C51 COMPILER V9.60.7.0   SEVENSEGCA                                                        10/16/2023 14:41:00 PAGE 1   


C51 COMPILER V9.60.7.0, COMPILATION OF MODULE SEVENSEGCA
OBJECT MODULE PLACED IN .\Objects\sevensegCA.obj
COMPILER INVOKED BY: C:\Keil_v5\C51\BIN\C51.EXE sevensegCA.c OPTIMIZE(8,SPEED) BROWSE DEBUG OBJECTEXTEND PRINT(.\Listing
                    -s\sevensegCA.lst) TABS(2) OBJECT(.\Objects\sevensegCA.obj)

line level    source

   1          /*seven segment display (common anaod) interface with AT89c51 */
   2          #include<reg51.h>
   3          void delay(int a)
   4          {
   5   1        int i,j;
   6   1        for(i=0;i<a;i++)
   7   1        {
   8   2          for(j=0;j<1000;j++)
   9   2          {
  10   3          }
  11   2        }
  12   1      }
  13          
  14          void main()
  15          {
  16   1        while (1)
  17   1        {
  18   2          P2=0xC0;//0
  19   2          delay(100);
  20   2          P2=0xF9;//1
  21   2          delay(100);
  22   2          P2=0xA4;//2
  23   2          delay(100);
  24   2          P2=0xB0;//3
  25   2          delay(100);
  26   2          P2=0x99;//4
  27   2          delay(100);
  28   2          P2=0x92;//5
  29   2          delay(100);
  30   2          P2=0x82;//6
  31   2          delay(100);
  32   2          P2=0xF8;//7
  33   2          delay(100);
  34   2          P2=0x80;//8
  35   2          delay(100);
  36   2          P2=0x98;//9
  37   2          delay(100);
  38   2        }
  39   1      }


MODULE INFORMATION:   STATIC OVERLAYABLE
   CODE SIZE        =    104    ----
   CONSTANT SIZE    =   ----    ----
   XDATA SIZE       =   ----    ----
   PDATA SIZE       =   ----    ----
   DATA SIZE        =   ----    ----
   IDATA SIZE       =   ----    ----
   BIT SIZE         =   ----    ----
END OF MODULE INFORMATION.


C51 COMPILATION COMPLETE.  0 WARNING(S),  0 ERROR(S)
