C51 COMPILER V9.60.7.0   TIMERPROGRAM                                                      10/26/2023 10:32:32 PAGE 1   


C51 COMPILER V9.60.7.0, COMPILATION OF MODULE TIMERPROGRAM
OBJECT MODULE PLACED IN .\Objects\timerprogram.obj
COMPILER INVOKED BY: C:\Keil_v5\C51\BIN\C51.EXE timerprogram.c OPTIMIZE(8,SPEED) BROWSE DEBUG OBJECTEXTEND PRINT(.\Listi
                    -ngs\timerprogram.lst) TABS(2) OBJECT(.\Objects\timerprogram.obj)

line level    source

   1          /*Using timer to creat time delay in AT89C51 */
   2          
   3          #include<reg51.h>
   4          
   5          void delay();
   6          void main()
   7          {
   8   1        while(1)
   9   1        {
  10   2          P2=0x00;
  11   2          delay();
  12   2          P2=0x01;
  13   2          delay();
  14   2        }
  15   1      }
  16          void delay()
  17          {
  18   1        TMOD=0x01;
  19   1        TH0=0Xfc;
  20   1        TL0=0X67;
  21   1        TR0=1;
  22   1        while(TF0==0);
  23   1        TF0=0;
  24   1        TR0=0;
  25   1      }


MODULE INFORMATION:   STATIC OVERLAYABLE
   CODE SIZE        =     33    ----
   CONSTANT SIZE    =   ----    ----
   XDATA SIZE       =   ----    ----
   PDATA SIZE       =   ----    ----
   DATA SIZE        =   ----    ----
   IDATA SIZE       =   ----    ----
   BIT SIZE         =   ----    ----
END OF MODULE INFORMATION.


C51 COMPILATION COMPLETE.  0 WARNING(S),  0 ERROR(S)
