C51 COMPILER V9.60.7.0   SWITCH                                                            10/16/2023 10:28:06 PAGE 1   


C51 COMPILER V9.60.7.0, COMPILATION OF MODULE SWITCH
OBJECT MODULE PLACED IN .\Objects\switch.obj
COMPILER INVOKED BY: C:\Keil_v5\C51\BIN\C51.EXE switch.c OPTIMIZE(8,SPEED) BROWSE DEBUG OBJECTEXTEND PRINT(.\Listings\sw
                    -itch.lst) TABS(2) OBJECT(.\Objects\switch.obj)

line level    source

   1          /*pullup switch interfacing with at89c51 */
   2          
   3          #include<reg51.h>
   4          sbit SW=P2^0;
   5          sbit led=P3^0;
   6          
   7          void main()
   8          {
   9   1        led=0;
  10   1        while (1)
  11   1        {
  12   2          if(SW==0)
  13   2          {
  14   3            led=1;
  15   3          }
  16   2          else
  17   2          {
  18   3            led=0;
  19   3          }
  20   2        }
  21   1      }


MODULE INFORMATION:   STATIC OVERLAYABLE
   CODE SIZE        =     13    ----
   CONSTANT SIZE    =   ----    ----
   XDATA SIZE       =   ----    ----
   PDATA SIZE       =   ----    ----
   DATA SIZE        =   ----    ----
   IDATA SIZE       =   ----    ----
   BIT SIZE         =   ----    ----
END OF MODULE INFORMATION.


C51 COMPILATION COMPLETE.  0 WARNING(S),  0 ERROR(S)
