C51 COMPILER V9.60.7.0   LED                                                               10/16/2023 10:06:41 PAGE 1   


C51 COMPILER V9.60.7.0, COMPILATION OF MODULE LED
OBJECT MODULE PLACED IN .\Objects\led.obj
COMPILER INVOKED BY: C:\Keil_v5\C51\BIN\C51.EXE led.c OPTIMIZE(8,SPEED) BROWSE DEBUG OBJECTEXTEND PRINT(.\Listings\led.l
                    -st) TABS(2) OBJECT(.\Objects\led.obj)

line level    source

   1          /*LEd interface with microcontroller */
   2          #include<reg51.h>
   3          void delay(int a)
   4          {
   5   1        int i,j;
   6   1        for(i=0;i<a;i++);
   7   1        {
   8   2          for(j=0;j<250;j++)
   9   2          {
  10   3          }
  11   2        }
  12   1      }
  13          
  14          void main()
  15          {
  16   1        while(1)
  17   1        {
  18   2          P2 = 0X01;//1.085us
  19   2          delay(50);
  20   2          P2 = 0X00;//1.085us
  21   2          delay(50);
  22   2        }
  23   1      }


MODULE INFORMATION:   STATIC OVERLAYABLE
   CODE SIZE        =     59    ----
   CONSTANT SIZE    =   ----    ----
   XDATA SIZE       =   ----    ----
   PDATA SIZE       =   ----    ----
   DATA SIZE        =   ----    ----
   IDATA SIZE       =   ----    ----
   BIT SIZE         =   ----    ----
END OF MODULE INFORMATION.


C51 COMPILATION COMPLETE.  0 WARNING(S),  0 ERROR(S)
