C51 COMPILER V9.60.7.0   KEYPADPROG                                                        10/19/2023 17:42:29 PAGE 1   


C51 COMPILER V9.60.7.0, COMPILATION OF MODULE KEYPADPROG
OBJECT MODULE PLACED IN .\Objects\keypadprog.obj
COMPILER INVOKED BY: C:\Keil_v5\C51\BIN\C51.EXE keypadprog.c OPTIMIZE(8,SPEED) BROWSE DEBUG OBJECTEXTEND PRINT(.\Listing
                    -s\keypadprog.lst) TABS(2) OBJECT(.\Objects\keypadprog.obj)

line level    source

   1          /*inteface 4*3 keypad with AT89C51 MC */
   2          #include<reg51.h>
   3          
   4          sbit r1=P3^0;
   5          sbit r2=P3^1;
   6          sbit r3=P3^2;
   7          sbit r4=P3^3;
   8          sbit c1=P3^4;
   9          sbit c2=P3^5;
  10          sbit c3=P3^6;
  11          
  12          void delay(int a)
  13          {
  14   1        int i,j;
  15   1        for (i=0;i<a;i++)
  16   1        {
  17   2          for (j=0;j<250;j++)
  18   2          {}
  19   2          }
  20   1        }
  21          void main()
  22          {
  23   1        while(1)
  24   1        {
  25   2          r1=r2=r3=r4=c1=c2=c3=1;
  26   2          r1=0;
  27   2          if(c1==0)
  28   2          {
  29   3            P2=0xF9;
  30   3            delay(50);
  31   3          }
  32   2          else if (c2==0)
  33   2          {
  34   3            P2=0xA4;
  35   3            delay(50);
  36   3          }
  37   2          else if (c3==0)
  38   2          {
  39   3            P2=0xB0;
  40   3            delay(50);
  41   3          }
  42   2          r1=r2=r3=r4=c1=c2=c3=1;
  43   2          r2=0;
  44   2          if(c1==0)
  45   2          {
  46   3            P2=0x99;
  47   3            delay(50);
  48   3          }
  49   2          else if (c2==0)
  50   2          {
  51   3            P2=0x92;
  52   3            delay(50);
  53   3          }
  54   2          else if (c3==0)
C51 COMPILER V9.60.7.0   KEYPADPROG                                                        10/19/2023 17:42:29 PAGE 2   

  55   2          {
  56   3            P2=0x82;
  57   3            delay(50);
  58   3          }
  59   2          r1=r2=r3=r4=c1=c2=c3=1;
  60   2          r3=0;
  61   2          if(c1==0)
  62   2          {
  63   3            P2=0xF8;
  64   3            delay(50);
  65   3          }
  66   2          else if (c2==0)
  67   2          {
  68   3            P2=0x80;
  69   3            delay(50);
  70   3          }
  71   2          else if (c3==0)
  72   2          {
  73   3            P2=0x98;
  74   3            delay(50);
  75   3          }
  76   2          r1=r2=r3=r4=c1=c2=c3=1;
  77   2          r4=0;
  78   2          if(c2==0)
  79   2          {
  80   3            P2=0x00;
  81   3            delay(50);
  82   3          }
  83   2        }
  84   1      }
  85              
  86              
  87              
  88              
  89              
  90              
  91              
  92              
  93              
  94              


MODULE INFORMATION:   STATIC OVERLAYABLE
   CODE SIZE        =    199    ----
   CONSTANT SIZE    =   ----    ----
   XDATA SIZE       =   ----    ----
   PDATA SIZE       =   ----    ----
   DATA SIZE        =   ----    ----
   IDATA SIZE       =   ----    ----
   BIT SIZE         =   ----    ----
END OF MODULE INFORMATION.


C51 COMPILATION COMPLETE.  0 WARNING(S),  0 ERROR(S)
