C51 COMPILER V9.60.7.0   COUNTERCPROG                                                      11/30/2023 21:36:13 PAGE 1   


C51 COMPILER V9.60.7.0, COMPILATION OF MODULE COUNTERCPROG
OBJECT MODULE PLACED IN .\Objects\countercprog.obj
COMPILER INVOKED BY: C:\Keil_v5\C51\BIN\C51.EXE countercprog.c OPTIMIZE(8,SPEED) BROWSE DEBUG OBJECTEXTEND PRINT(.\Listi
                    -ngs\countercprog.lst) TABS(2) OBJECT(.\Objects\countercprog.obj)

line level    source

   1          #include<reg51.h>
   2          
   3          int arr[]={0xC0, 0xF9, 0xA4, 0xB0, 0x99, 0x92,0x82, 0xF8, 0x80,0x98};
   4          void main()
   5          {
   6   1        TMOD=0x05;//counter mode T/C=1
   7   1        TH0=0x00;
   8   1        TL0=0x00;
   9   1        TR0=1;
  10   1        
  11   1        while(1)
  12   1        {
  13   2          P2=arr[TL0];
  14   2        }
  15   1      }


MODULE INFORMATION:   STATIC OVERLAYABLE
   CODE SIZE        =     24    ----
   CONSTANT SIZE    =   ----    ----
   XDATA SIZE       =   ----    ----
   PDATA SIZE       =   ----    ----
   DATA SIZE        =     20    ----
   IDATA SIZE       =   ----    ----
   BIT SIZE         =   ----    ----
END OF MODULE INFORMATION.


C51 COMPILATION COMPLETE.  0 WARNING(S),  0 ERROR(S)
